Determining if the function sgemm_ exists failed with the following output:
Change Dir: /home/wyx/homework/work3/kalma/build/CMakeFiles/CMakeTmp

Run Build Command(s):/usr/bin/make cmTC_97950/fast && /usr/bin/make  -f CMakeFiles/cmTC_97950.dir/build.make CMakeFiles/cmTC_97950.dir/build
make[1]: 进入目录“/home/wyx/homework/work3/kalma/build/CMakeFiles/CMakeTmp”
Building C object CMakeFiles/cmTC_97950.dir/CheckFunctionExists.c.o
/usr/bin/cc   -DCHECK_FUNCTION_EXISTS=sgemm_ -o CMakeFiles/cmTC_97950.dir/CheckFunctionExists.c.o -c /usr/local/share/cmake-3.19/Modules/CheckFunctionExists.c
Linking C executable cmTC_97950
/usr/local/bin/cmake -E cmake_link_script CMakeFiles/cmTC_97950.dir/link.txt --verbose=1
/usr/bin/cc  -DCHECK_FUNCTION_EXISTS=sgemm_ -rdynamic CMakeFiles/cmTC_97950.dir/CheckFunctionExists.c.o -o cmTC_97950 
CMakeFiles/cmTC_97950.dir/CheckFunctionExists.c.o：在函数‘main’中：
CheckFunctionExists.c:(.text+0x10)：对‘sgemm_’未定义的引用
collect2: error: ld returned 1 exit status
CMakeFiles/cmTC_97950.dir/build.make:105: recipe for target 'cmTC_97950' failed
make[1]: *** [cmTC_97950] Error 1
make[1]: 离开目录“/home/wyx/homework/work3/kalma/build/CMakeFiles/CMakeTmp”
Makefile:140: recipe for target 'cmTC_97950/fast' failed
make: *** [cmTC_97950/fast] Error 2



Performing C SOURCE FILE Test CMAKE_HAVE_LIBC_PTHREAD failed with the following output:
Change Dir: /home/wyx/homework/work3/kalma/build/CMakeFiles/CMakeTmp

Run Build Command(s):/usr/bin/make cmTC_e89be/fast && /usr/bin/make  -f CMakeFiles/cmTC_e89be.dir/build.make CMakeFiles/cmTC_e89be.dir/build
make[1]: 进入目录“/home/wyx/homework/work3/kalma/build/CMakeFiles/CMakeTmp”
Building C object CMakeFiles/cmTC_e89be.dir/src.c.o
/usr/bin/cc -DCMAKE_HAVE_LIBC_PTHREAD   -o CMakeFiles/cmTC_e89be.dir/src.c.o -c /home/wyx/homework/work3/kalma/build/CMakeFiles/CMakeTmp/src.c
Linking C executable cmTC_e89be
/usr/local/bin/cmake -E cmake_link_script CMakeFiles/cmTC_e89be.dir/link.txt --verbose=1
/usr/bin/cc -rdynamic CMakeFiles/cmTC_e89be.dir/src.c.o -o cmTC_e89be 
CMakeFiles/cmTC_e89be.dir/src.c.o：在函数‘main’中：
src.c:(.text+0x3e)：对‘pthread_create’未定义的引用
src.c:(.text+0x4a)：对‘pthread_detach’未定义的引用
src.c:(.text+0x56)：对‘pthread_cancel’未定义的引用
src.c:(.text+0x67)：对‘pthread_join’未定义的引用
src.c:(.text+0x7b)：对‘pthread_atfork’未定义的引用
collect2: error: ld returned 1 exit status
CMakeFiles/cmTC_e89be.dir/build.make:105: recipe for target 'cmTC_e89be' failed
make[1]: *** [cmTC_e89be] Error 1
make[1]: 离开目录“/home/wyx/homework/work3/kalma/build/CMakeFiles/CMakeTmp”
Makefile:140: recipe for target 'cmTC_e89be/fast' failed
make: *** [cmTC_e89be/fast] Error 2


Source file was:
#include <pthread.h>

static void* test_func(void* data)
{
  return data;
}

int main(void)
{
  pthread_t thread;
  pthread_create(&thread, NULL, test_func, NULL);
  pthread_detach(thread);
  pthread_cancel(thread);
  pthread_join(thread, NULL);
  pthread_atfork(NULL, NULL, NULL);
  pthread_exit(NULL);

  return 0;
}

Determining if the function pthread_create exists in the pthreads failed with the following output:
Change Dir: /home/wyx/homework/work3/kalma/build/CMakeFiles/CMakeTmp

Run Build Command(s):/usr/bin/make cmTC_9f15e/fast && /usr/bin/make  -f CMakeFiles/cmTC_9f15e.dir/build.make CMakeFiles/cmTC_9f15e.dir/build
make[1]: 进入目录“/home/wyx/homework/work3/kalma/build/CMakeFiles/CMakeTmp”
Building C object CMakeFiles/cmTC_9f15e.dir/CheckFunctionExists.c.o
/usr/bin/cc   -DCHECK_FUNCTION_EXISTS=pthread_create -o CMakeFiles/cmTC_9f15e.dir/CheckFunctionExists.c.o -c /usr/local/share/cmake-3.19/Modules/CheckFunctionExists.c
Linking C executable cmTC_9f15e
/usr/local/bin/cmake -E cmake_link_script CMakeFiles/cmTC_9f15e.dir/link.txt --verbose=1
/usr/bin/cc  -DCHECK_FUNCTION_EXISTS=pthread_create -rdynamic CMakeFiles/cmTC_9f15e.dir/CheckFunctionExists.c.o -o cmTC_9f15e  -lpthreads 
/usr/bin/ld: 找不到 -lpthreads
collect2: error: ld returned 1 exit status
CMakeFiles/cmTC_9f15e.dir/build.make:105: recipe for target 'cmTC_9f15e' failed
make[1]: *** [cmTC_9f15e] Error 1
make[1]: 离开目录“/home/wyx/homework/work3/kalma/build/CMakeFiles/CMakeTmp”
Makefile:140: recipe for target 'cmTC_9f15e/fast' failed
make: *** [cmTC_9f15e/fast] Error 2



